<?xml version="1.0" encoding="UTF-8"?>
<testng-results skipped="0" failed="0" ignored="0" total="1" passed="1">
  <reporter-output>
  </reporter-output>
  <suite name="Default suite" duration-ms="42586" started-at="2018-02-24T17:48:54Z" finished-at="2018-02-24T17:49:36Z">
    <groups>
    </groups>
    <test name="Default test" duration-ms="42586" started-at="2018-02-24T17:48:54Z" finished-at="2018-02-24T17:49:36Z">
      <class name="NewTest">
        <test-method status="PASS" signature="beforeTest()[pri:0, instance:NewTest@66a3ffec]" name="beforeTest" is-config="true" duration-ms="28706" started-at="2018-02-24T17:48:54Z" finished-at="2018-02-24T17:49:23Z">
          <reporter-output>
          </reporter-output>
        </test-method> <!-- beforeTest -->
        <test-method status="PASS" signature="f()[pri:0, instance:NewTest@66a3ffec]" name="f" duration-ms="12766" started-at="2018-02-24T17:49:23Z" finished-at="2018-02-24T17:49:36Z">
          <reporter-output>
          </reporter-output>
        </test-method> <!-- f -->
        <test-method status="PASS" signature="afterTest()[pri:0, instance:NewTest@66a3ffec]" name="afterTest" is-config="true" duration-ms="577" started-at="2018-02-24T17:49:36Z" finished-at="2018-02-24T17:49:36Z">
          <reporter-output>
          </reporter-output>
        </test-method> <!-- afterTest -->
      </class> <!-- NewTest -->
    </test> <!-- Default test -->
  </suite> <!-- Default suite -->
</testng-results>
